<?xml version="1.0" encoding="utf-8"?><testsuites><testsuite name="pytest" errors="0" failures="8" skipped="0" tests="24" time="6.110" timestamp="2026-02-03T04:39:42.675688+09:00" hostname="ga00"><testcase classname="tests.unit.test_batch.TestBatchConfig" name="test_custom_config" time="2.362" /><testcase classname="tests.unit.test_auth.TestUserRole" name="test_role_values" time="2.311"><failure message="TypeError: 'type' object is not subscriptable">tests/unit/test_auth.py:16: in test_role_values
    from surfscreen.auth.user_models import UserRole
src/surfscreen/auth/__init__.py:8: in &lt;module&gt;
    from .auth_service import AuthService, get_auth_service
src/surfscreen/auth/auth_service.py:29: in &lt;module&gt;
    class AuthService:
src/surfscreen/auth/auth_service.py:198: in AuthService
    ) -&gt; tuple[str, APIKey]:
E   TypeError: 'type' object is not subscriptable</failure></testcase><testcase classname="tests.unit.test_auth.TestQuota" name="test_quota_defaults" time="2.426"><failure message="TypeError: 'type' object is not subscriptable">tests/unit/test_auth.py:105: in test_quota_defaults
    from surfscreen.auth.user_models import Quota
src/surfscreen/auth/__init__.py:8: in &lt;module&gt;
    from .auth_service import AuthService, get_auth_service
src/surfscreen/auth/auth_service.py:29: in &lt;module&gt;
    class AuthService:
src/surfscreen/auth/auth_service.py:198: in AuthService
    ) -&gt; tuple[str, APIKey]:
E   TypeError: 'type' object is not subscriptable</failure></testcase><testcase classname="tests.unit.test_batch.TestBatchJob" name="test_job_status_transitions" time="2.355" /><testcase classname="tests.unit.test_batch.TestBatchProgress" name="test_progress_zero_total" time="2.300" /><testcase classname="tests.unit.test_auth.TestUser" name="test_user_to_dict" time="2.309"><failure message="TypeError: 'type' object is not subscriptable">tests/unit/test_auth.py:52: in test_user_to_dict
    from surfscreen.auth.user_models import User, UserRole
src/surfscreen/auth/__init__.py:8: in &lt;module&gt;
    from .auth_service import AuthService, get_auth_service
src/surfscreen/auth/auth_service.py:29: in &lt;module&gt;
    class AuthService:
src/surfscreen/auth/auth_service.py:198: in AuthService
    ) -&gt; tuple[str, APIKey]:
E   TypeError: 'type' object is not subscriptable</failure></testcase><testcase classname="tests.unit.test_auth.TestAPIKey" name="test_apikey_creation" time="2.377"><failure message="TypeError: 'type' object is not subscriptable">tests/unit/test_auth.py:146: in test_apikey_creation
    from surfscreen.auth.user_models import APIKey
src/surfscreen/auth/__init__.py:8: in &lt;module&gt;
    from .auth_service import AuthService, get_auth_service
src/surfscreen/auth/auth_service.py:29: in &lt;module&gt;
    class AuthService:
src/surfscreen/auth/auth_service.py:198: in AuthService
    ) -&gt; tuple[str, APIKey]:
E   TypeError: 'type' object is not subscriptable</failure></testcase><testcase classname="tests.unit.test_auth.TestGenerateAPIKey" name="test_generate_key_id" time="2.367"><failure message="TypeError: 'type' object is not subscriptable">tests/unit/test_auth.py:189: in test_generate_key_id
    from surfscreen.auth.user_models import generate_key_id
src/surfscreen/auth/__init__.py:8: in &lt;module&gt;
    from .auth_service import AuthService, get_auth_service
src/surfscreen/auth/auth_service.py:29: in &lt;module&gt;
    class AuthService:
src/surfscreen/auth/auth_service.py:198: in AuthService
    ) -&gt; tuple[str, APIKey]:
E   TypeError: 'type' object is not subscriptable</failure></testcase><testcase classname="tests.unit.test_batch.TestBatchProgress" name="test_success_rate" time="0.001" /><testcase classname="tests.unit.test_batch.TestBatchJob" name="test_job_creation" time="0.001" /><testcase classname="tests.unit.test_batch.TestBatchProcessor" name="test_create_job" time="0.001" /><testcase classname="tests.unit.test_batch.TestBatchProcessor" name="test_get_job" time="0.001" /><testcase classname="tests.unit.test_batch.TestBatchProcessor" name="test_list_jobs" time="0.001" /><testcase classname="tests.unit.test_batch.TestBatchProcessor" name="test_cancel_job" time="0.001" /><testcase classname="tests.unit.test_batch.TestTaskResult" name="test_success_result" time="0.001" /><testcase classname="tests.unit.test_batch.TestTaskResult" name="test_failure_result" time="0.001" /><testcase classname="tests.unit.test_cache.TestCacheConfig" name="test_default_config" time="0.006"><failure message="AssertionError: assert 604800 == 3600&#10; +  where 604800 = CacheConfig(host='localhost', port=6379, db=0, password=None, default_ttl=604800, max_memory='1gb', key_prefix='surfscreen:', enabled=True).default_ttl">tests/unit/test_cache.py:25: in test_default_config
    assert config.default_ttl == 3600
E   AssertionError: assert 604800 == 3600
E    +  where 604800 = CacheConfig(host='localhost', port=6379, db=0, password=None, default_ttl=604800, max_memory='1gb', key_prefix='surfscreen:', enabled=True).default_ttl</failure></testcase><testcase classname="tests.unit.test_batch.TestBatchJob" name="test_job_progress" time="0.001" /><testcase classname="tests.unit.test_batch.TestBatchProcessor" name="test_processor_creation" time="0.001" /><testcase classname="tests.unit.test_cache.TestCacheStats" name="test_stats_zero_requests" time="0.003" /><testcase classname="tests.unit.test_batch.TestBatchConfig" name="test_config_to_dict" time="0.001" /><testcase classname="tests.unit.test_cache.TestCacheManager" name="test_manager_without_redis" time="0.001"><failure message="AttributeError: &lt;module 'surfscreen.cache.cache_manager' from '/home/yongsang/20260129_Equiformer/surfscreen/src/surfscreen/cache/cache_manager.py'&gt; does not have the attribute 'redis'">tests/unit/test_cache.py:95: in test_manager_without_redis
    with patch("surfscreen.cache.cache_manager.redis", None):
../../anaconda3/envs/equiformer_v2/lib/python3.8/unittest/mock.py:1393: in __enter__
    original, local = self.get_original()
../../anaconda3/envs/equiformer_v2/lib/python3.8/unittest/mock.py:1366: in get_original
    raise AttributeError(
E   AttributeError: &lt;module 'surfscreen.cache.cache_manager' from '/home/yongsang/20260129_Equiformer/surfscreen/src/surfscreen/cache/cache_manager.py'&gt; does not have the attribute 'redis'</failure></testcase><testcase classname="tests.unit.test_batch.TestBatchProgress" name="test_progress_calculation" time="0.001" /><testcase classname="tests.unit.test_cache.TestCacheManager" name="test_get_with_mock_redis" time="0.005"><failure message="AttributeError: 'CacheManager' object has no attribute '_connected'">tests/unit/test_cache.py:133: in test_get_with_mock_redis
    result = manager.get("missing_key")
src/surfscreen/cache/cache_manager.py:207: in get
    if not self.is_connected:
src/surfscreen/cache/cache_manager.py:134: in is_connected
    if not self._connected or not self._redis:
E   AttributeError: 'CacheManager' object has no attribute '_connected'</failure></testcase></testsuite></testsuites>