<?xml version="1.0" encoding="utf-8"?><testsuites><testsuite name="pytest" errors="0" failures="10" skipped="0" tests="99" time="9.534" timestamp="2026-02-03T13:55:38.410734+09:00" hostname="ga00"><testcase classname="tests.unit.test_auth.TestTeam" name="test_team_creation" time="2.635" /><testcase classname="tests.unit.test_auth.TestQuota" name="test_quota_defaults" time="2.673" /><testcase classname="tests.unit.test_cache.TestCacheManager" name="test_get_with_mock_redis" time="2.546"><failure message="AssertionError: assert None == {'result': 42}">tests/unit/test_cache.py:148: in test_get_with_mock_redis
    assert result == cached_data
E   AssertionError: assert None == {'result': 42}</failure></testcase><testcase classname="tests.unit.test_auth.TestUser" name="test_user_creation" time="2.395" /><testcase classname="tests.unit.test_notifications.TestWebhookStatus" name="test_webhook_status_values" time="2.576" /><testcase classname="tests.unit.test_auth.TestUserRole" name="test_role_values" time="2.780" /><testcase classname="tests.unit.test_auth.TestQuota" name="test_quota_can_submit_job" time="2.758" /><testcase classname="tests.unit.test_cache.TestCacheConfig" name="test_default_config" time="2.609" /><testcase classname="tests.unit.test_batch.TestBatchJob" name="test_job_creation" time="2.561" /><testcase classname="tests.unit.test_batch.TestBatchProcessor" name="test_list_jobs" time="2.679" /><testcase classname="tests.unit.test_batch.TestBatchJob" name="test_job_progress" time="2.635" /><testcase classname="tests.unit.test_cache.TestCacheDecorators" name="test_cache_result_async" time="2.592" /><testcase classname="tests.unit.test_batch.TestBatchProgress" name="test_progress_zero_total" time="2.682" /><testcase classname="tests.unit.test_notifications.TestWebhookClient" name="test_send_webhook_success" time="5.744"><failure message="AssertionError: assert 'failed' == 'success'&#10;  &#10;  - success&#10;  + failed">tests/unit/test_notifications.py:200: in test_send_webhook_success
    assert delivery.status == "success"
E   AssertionError: assert 'failed' == 'success'
E     
E     - success
E     + failed</failure></testcase><testcase classname="tests.unit.test_batch.TestBatchProcessor" name="test_create_job" time="2.653" /><testcase classname="tests.unit.test_cache.TestCacheManager" name="test_manager_without_redis" time="2.536" /><testcase classname="tests.unit.test_cache.TestCacheKeyGeneration" name="test_key_with_specific_params" time="2.497" /><testcase classname="tests.unit.test_cache.TestCacheStats" name="test_stats_creation" time="2.510"><failure message="assert 83.33333333333334 == 0.833 ± 8.3e-03&#10;  &#10;  comparison failed&#10;  Obtained: 83.33333333333334&#10;  Expected: 0.833 ± 8.3e-03">tests/unit/test_cache.py:62: in test_stats_creation
    assert stats.hit_rate == pytest.approx(0.833, rel=0.01)
E   assert 83.33333333333334 == 0.833 ± 8.3e-03
E     
E     comparison failed
E     Obtained: 83.33333333333334
E     Expected: 0.833 ± 8.3e-03</failure></testcase><testcase classname="tests.unit.test_batch.TestBatchConfig" name="test_config_to_dict" time="2.630" /><testcase classname="tests.unit.test_cache.TestCacheManager" name="test_get_stats" time="2.594"><failure message="AssertionError: assert False is True&#10; +  where False = CacheStats(hits=0, misses=0, total_keys=0, memory_used='0B', uptime_seconds=0, connected=False).connected">tests/unit/test_cache.py:223: in test_get_stats
    assert stats.connected is True
E   AssertionError: assert False is True
E    +  where False = CacheStats(hits=0, misses=0, total_keys=0, memory_used='0B', uptime_seconds=0, connected=False).connected</failure></testcase><testcase classname="tests.unit.test_cache.TestCacheManager" name="test_delete_with_mock_redis" time="2.569"><failure message="assert False is True">tests/unit/test_cache.py:177: in test_delete_with_mock_redis
    assert success is True
E   assert False is True</failure></testcase><testcase classname="tests.unit.test_cache.TestCacheAside" name="test_cache_aside_cache_hit" time="2.589" /><testcase classname="tests.unit.test_notifications.TestWebhookDelivery" name="test_delivery_success" time="2.566"><failure message="TypeError: __init__() missing 1 required positional argument: 'payload'">tests/unit/test_notifications.py:105: in test_delivery_success
    delivery = WebhookDelivery(
E   TypeError: __init__() missing 1 required positional argument: 'payload'</failure></testcase><testcase classname="tests.unit.test_notifications.TestWebhookConfig" name="test_config_to_dict" time="2.549" /><testcase classname="tests.unit.test_auth.TestAPIKey" name="test_apikey_to_dict" time="2.756" /><testcase classname="tests.unit.test_notifications.TestNotificationService" name="test_service_creation" time="2.585" /><testcase classname="tests.unit.test_batch.TestBatchConfig" name="test_default_config" time="2.722" /><testcase classname="tests.unit.test_notifications.TestWebhookClient" name="test_signature_generation" time="2.607" /><testcase classname="tests.unit.test_batch.TestTaskResult" name="test_success_result" time="2.602" /><testcase classname="tests.unit.test_cache.TestCacheDecorators" name="test_cache_result_cache_hit" time="2.578" /><testcase classname="tests.unit.test_auth.TestGenerateAPIKey" name="test_generate_key_id" time="2.632" /><testcase classname="tests.unit.test_auth.TestUser" name="test_user_to_dict" time="0.001" /><testcase classname="tests.unit.test_notifications.TestEventHandlers" name="test_multiple_handlers" time="0.011" /><testcase classname="tests.unit.test_notifications.TestDeliveryHistory" name="test_record_delivery" time="0.001" /><testcase classname="tests.unit.test_notifications.TestDeliveryHistory" name="test_get_delivery_history_limit" time="0.001" /><testcase classname="tests.unit.test_notifications.TestNotificationPayload" name="test_notification_creation" time="0.001" /><testcase classname="tests.unit.test_notifications.TestNotificationPayload" name="test_notification_to_dict" time="0.001" /><testcase classname="tests.unit.test_scheduler.TestScheduleType" name="test_schedule_types" time="0.015" /><testcase classname="tests.unit.test_notifications.TestNotificationService" name="test_regenerate_secret" time="2.453" /><testcase classname="tests.unit.test_scheduler.TestScheduleStatus" name="test_schedule_statuses" time="0.001" /><testcase classname="tests.unit.test_scheduler.TestScheduledJob" name="test_job_to_dict" time="0.001" /><testcase classname="tests.unit.test_scheduler.TestScheduleCreate" name="test_cron_schedule_validation" time="0.001" /><testcase classname="tests.unit.test_scheduler.TestScheduleCreate" name="test_interval_schedule_validation" time="0.001" /><testcase classname="tests.unit.test_scheduler.TestScheduleCreate" name="test_interval_minimum" time="0.001" /><testcase classname="tests.unit.test_notifications.TestNotificationService" name="test_send_notification" time="0.010" /><testcase classname="tests.unit.test_scheduler.TestScheduledJob" name="test_job_creation" time="0.143" /><testcase classname="tests.unit.test_scheduler.TestScheduler" name="test_scheduler_creation" time="0.032" /><testcase classname="tests.unit.test_notifications.TestEventType" name="test_event_type_values" time="0.005" /><testcase classname="tests.unit.test_scheduler.TestScheduler" name="test_create_interval_schedule" time="0.002" /><testcase classname="tests.unit.test_notifications.TestNotificationService" name="test_get_webhook" time="2.517" /><testcase classname="tests.unit.test_scheduler.TestScheduler" name="test_create_once_schedule" time="0.190" /><testcase classname="tests.unit.test_notifications.TestNotificationService" name="test_update_webhook" time="0.002" /><testcase classname="tests.unit.test_scheduler.TestScheduler" name="test_get_schedule" time="0.002" /><testcase classname="tests.unit.test_cache.TestCacheManager" name="test_get_set_without_redis" time="0.001" /><testcase classname="tests.unit.test_scheduler.TestScheduler" name="test_delete_schedule" time="0.175" /><testcase classname="tests.unit.test_scheduler.TestScheduler" name="test_pause_and_resume_schedule" time="0.003" /><testcase classname="tests.unit.test_scheduler.TestScheduler" name="test_schedule_execution" time="0.002" /><testcase classname="tests.unit.test_notifications.TestWebhookDelivery" name="test_delivery_creation" time="0.001" /><testcase classname="tests.unit.test_scheduler.TestScheduler" name="test_persistence" time="0.002" /><testcase classname="tests.unit.test_scheduler.TestScheduler" name="test_max_runs_limit" time="0.188" /><testcase classname="tests.unit.test_batch.TestBatchJob" name="test_job_status_transitions" time="0.001" /><testcase classname="tests.unit.test_scheduler.TestNextRunCalculation" name="test_once_next_run" time="0.002" /><testcase classname="tests.unit.test_scheduler.TestNextRunCalculation" name="test_interval_next_run" time="0.142" /><testcase classname="tests.unit.test_cache.TestCacheDecorators" name="test_invalidate_cache_decorator" time="0.002" /><testcase classname="tests.unit.test_notifications.TestWebhookConfig" name="test_config_creation" time="0.001" /><testcase classname="tests.unit.test_notifications.TestNotificationService" name="test_delete_webhook" time="2.584" /><testcase classname="tests.unit.test_notifications.TestNotificationService" name="test_register_webhook" time="0.002" /><testcase classname="tests.unit.test_cache.TestCacheKeyGeneration" name="test_generate_function_key" time="0.001" /><testcase classname="tests.unit.test_notifications.TestNotificationService" name="test_list_webhooks" time="0.003" /><testcase classname="tests.unit.test_cache.TestCacheAside" name="test_cache_aside_get_or_set" time="0.003" /><testcase classname="tests.unit.test_notifications.TestNotificationService" name="test_send_notification_filters_events" time="2.607" /><testcase classname="tests.unit.test_batch.TestTaskResult" name="test_failure_result" time="0.001" /><testcase classname="tests.unit.test_notifications.TestNotificationService" name="test_test_webhook" time="0.004" /><testcase classname="tests.unit.test_notifications.TestWebhookClient" name="test_signature_verification" time="0.001" /><testcase classname="tests.unit.test_cache.TestCacheConfig" name="test_custom_config" time="0.001" /><testcase classname="tests.unit.test_notifications.TestEventHandlers" name="test_register_handler_with_decorator" time="2.613" /><testcase classname="tests.unit.test_scheduler.TestScheduler" name="test_create_cron_schedule" time="0.032" /><testcase classname="tests.unit.test_notifications.TestEventHandlers" name="test_handler_invocation" time="0.009" /><testcase classname="tests.unit.test_batch.TestBatchProgress" name="test_progress_calculation" time="0.001" /><testcase classname="tests.unit.test_batch.TestBatchJobStatus" name="test_status_values" time="0.012" /><testcase classname="tests.unit.test_auth.TestTeam" name="test_team_with_members" time="0.001" /><testcase classname="tests.unit.test_batch.TestBatchProcessor" name="test_processor_creation" time="0.001" /><testcase classname="tests.unit.test_batch.TestBatchProcessor" name="test_get_job" time="0.001" /><testcase classname="tests.unit.test_auth.TestQuota" name="test_custom_quota" time="0.001" /><testcase classname="tests.unit.test_batch.TestBatchProcessor" name="test_cancel_job" time="0.002" /><testcase classname="tests.unit.test_batch.TestBatchProgress" name="test_success_rate" time="0.001" /><testcase classname="tests.unit.test_cache.TestCacheStats" name="test_stats_zero_requests" time="0.001" /><testcase classname="tests.unit.test_scheduler.TestScheduler" name="test_list_schedules" time="0.002" /><testcase classname="tests.unit.test_scheduler.TestScheduler" name="test_schedule_execution_failure" time="0.002" /><testcase classname="tests.unit.test_batch.TestBatchConfig" name="test_custom_config" time="0.001" /><testcase classname="tests.unit.test_cache.TestCacheManager" name="test_set_with_mock_redis" time="0.003"><failure message="assert False is True">tests/unit/test_cache.py:162: in test_set_with_mock_redis
    assert success is True
E   assert False is True</failure></testcase><testcase classname="tests.unit.test_cache.TestCacheManager" name="test_clear_with_pattern" time="0.003"><failure message="assert 0 == 3">tests/unit/test_cache.py:198: in test_clear_with_pattern
    assert deleted == 3
E   assert 0 == 3</failure></testcase><testcase classname="tests.unit.test_notifications.TestWebhookDelivery" name="test_delivery_failure" time="0.001"><failure message="TypeError: __init__() missing 1 required positional argument: 'payload'">tests/unit/test_notifications.py:122: in test_delivery_failure
    delivery = WebhookDelivery(
E   TypeError: __init__() missing 1 required positional argument: 'payload'</failure></testcase><testcase classname="tests.unit.test_scheduler.TestScheduler" name="test_get_history" time="0.002" /><testcase classname="tests.unit.test_cache.TestCacheDecorators" name="test_cache_result_decorator" time="0.002" /><testcase classname="tests.unit.test_auth.TestGenerateAPIKey" name="test_generate_api_key" time="0.001" /><testcase classname="tests.unit.test_auth.TestAPIKey" name="test_apikey_creation" time="0.001" /><testcase classname="tests.unit.test_auth.TestUserRole" name="test_role_ordering" time="0.001" /><testcase classname="tests.unit.test_notifications.TestWebhookClient" name="test_send_webhook_failure" time="0.005"><failure message="AssertionError: assert 'Connection refused' in '__aexit__'&#10; +  where '__aexit__' = str('__aexit__')&#10; +    where '__aexit__' = WebhookDelivery(delivery_id='8e8caa5c', webhook_id='wh-123', event_type='test', payload={'event': 'test'}, status='failed', created_at='2026-02-03T04:55:45.827459', delivered_at=None, response_status=None, response_body=None, error='__aexit__', attempts=1, max_attempts=1).error">tests/unit/test_notifications.py:226: in test_send_webhook_failure
    assert "Connection refused" in str(delivery.error)
E   AssertionError: assert 'Connection refused' in '__aexit__'
E    +  where '__aexit__' = str('__aexit__')
E    +    where '__aexit__' = WebhookDelivery(delivery_id='8e8caa5c', webhook_id='wh-123', event_type='test', payload={'event': 'test'}, status='failed', created_at='2026-02-03T04:55:45.827459', delivered_at=None, response_status=None, response_body=None, error='__aexit__', attempts=1, max_attempts=1).error</failure></testcase></testsuite></testsuites>